#-----------------------------------------------------------
# Vivado v2018.3 (64-bit)
# SW Build 2405991 on Thu Dec  6 23:38:27 MST 2018
# IP Build 2404404 on Fri Dec  7 01:43:56 MST 2018
# Start of session at: Fri Oct 14 11:08:51 2022
# Process ID: 31832
# Current directory: F:/project_set/vivado_projects/PCC/regfile
# Command line: vivado.exe -gui_launcher_event rodinguilauncherevent13700 F:\project_set\vivado_projects\PCC\regfile\regfile.xpr
# Log file: F:/project_set/vivado_projects/PCC/regfile/vivado.log
# Journal file: F:/project_set/vivado_projects/PCC/regfile\vivado.jou
#-----------------------------------------------------------
start_gui
open_project F:/project_set/vivado_projects/PCC/regfile/regfile.xpr
CRITICAL WARNING: [Project 1-19] Could not find the file 'F:/project_set/vivado_projects/PCC/3_regfile/regfile.v'.
CRITICAL WARNING: [Project 1-19] Could not find the file 'F:/project_set/vivado_projects/PCC/3_regfile/regfile_display.v'.
CRITICAL WARNING: [Project 1-19] Could not find the file 'F:/project_set/vivado_projects/PCC/3_regfile/testbench.v'.
Scanning sources...
Finished scanning sources
INFO: [IP_Flow 19-234] Refreshing IP repositories
INFO: [IP_Flow 19-1704] No user IP repositories specified
INFO: [IP_Flow 19-2313] Loaded Vivado IP repository 'E:/Xilinx/Vivado/2018.3/data/ip'.
INFO: [Common 17-41] Interrupt caught. Command should exit soon.
INFO: [Common 17-344] 'open_project' was cancelled
exit
INFO: [Common 17-206] Exiting Vivado at Fri Oct 14 11:09:11 2022...
