#-----------------------------------------------------------
# Vivado v2018.3 (64-bit)
# SW Build 2405991 on Thu Dec  6 23:38:27 MST 2018
# IP Build 2404404 on Fri Dec  7 01:43:56 MST 2018
# Start of session at: Fri Oct 14 11:04:27 2022
# Process ID: 28660
# Current directory: F:/project_set/vivado_projects/PCC/regfile
# Command line: vivado.exe -gui_launcher_event rodinguilauncherevent1044 F:\project_set\vivado_projects\PCC\regfile\regfile.xpr
# Log file: F:/project_set/vivado_projects/PCC/regfile/vivado.log
# Journal file: F:/project_set/vivado_projects/PCC/regfile\vivado.jou
#-----------------------------------------------------------
start_guioopen_project F:/project_set/vivado_projects/PCC/regfile/regfile.xpr
INFO: [Project 1-313] Project file moved from 'F:/my project/vivado projects/regfile' since last save.
CRITICAL WARNING: [Project 1-311] Could not find the file 'F:/project_set/vivado_projects/PCC/3_regfile/regfile.v', nor could it be found using path 'F:/my project/vivado projects/3_regfile/regfile.v'.
CRITICAL WARNING: [Project 1-311] Could not find the file 'F:/project_set/vivado_projects/PCC/3_regfile/regfile_display.v', nor could it be found using path 'F:/my project/vivado projects/3_regfile/regfile_display.v'.
CRITICAL WARNING: [Project 1-311] Could not find the file 'F:/project_set/vivado_projects/PCC/3_regfile/testbench.v', nor could it be found using path 'F:/my project/vivado projects/3_regfile/testbench.v'.
Scanning sources...
Finished scanning sources
INFO: [IP_Flow 19-234] Refreshing IP repositories
INFO: [IP_Flow 19-1704] No user IP repositories specified
INFO: [IP_Flow 19-2313] Loaded Vivado IP repository 'E:/Xilinx/Vivado/2018.3/data/ip'.
open_project: Time (s): cpu = 00:00:19 ; elapsed = 00:00:08 . Memory (MB): peak = 702.141 ; gain = 91.539
update_coexit
INFO: [Common 17-206] Exiting Vivado at Fri Oct 14 11:05:23 2022...
NFO: [Common 17-206] Exiting Vivado at Fri Oct 14 11:05:00 2022...
