#-----------------------------------------------------------
# Vivado v2018.3 (64-bit)
# SW Build 2405991 on Thu Dec  6 23:38:27 MST 2018
# IP Build 2404404 on Fri Dec  7 01:43:56 MST 2018
# Start of session at: Fri Jul 15 17:45:36 2022
# Process ID: 7604
# Current directory: F:/project_set/vivado projects/adder
# Command line: vivado.exe -gui_launcher_event rodinguilauncherevent25260 F:\project_set\vivado projects\adder\adder.xpr
# Log file: F:/project_set/vivado projects/adder/vivado.log
# Journal file: F:/project_set/vivado projects/adder\vivado.jou
#-----------------------------------------------------------
start_gui
open_project {F:/project_set/vivado projects/adder/adder.xpr}
INFO: [Project 1-313] Project file moved from 'F:/my project/vivado projects/adder' since last save.
Scanning sources...
Finished scanning sources
INFO: [IP_Flow 19-234] Refreshing IP repositories
INFO: [IP_Flow 19-1704] No user IP repositories specified
INFO: [IP_Flow 19-2313] Loaded Vivado IP repository 'E:/Xilinx/Vivado/2018.3/data/ip'.
open_project: Time (s): cpu = 00:00:18 ; elapsed = 00:00:07 . Memory (MB): peak = 702.551 ; gain = 99.379
update_compile_order -fileset sources_1
exit
INFO: [Common 17-206] Exiting Vivado at Fri Jul 15 17:49:44 2022...
